<?xml version="1.0" encoding="UTF-8"?>
<!-- Generated by org.testng.reporters.JUnitXMLReporter -->
<testsuite ignored="2" hostname="DESKTOP-9TALGFM" failures="0" tests="1" name="Test" time="0.129" errors="0" timestamp="2023-09-08T16:52:33 IST">
  <testcase classname="demo.Groups" name="m1" time="0.037"/>
  <testcase classname="demo.Groups" name="m3" time="0.0">
    <ignored/>
  </testcase> <!-- m3 -->
  <testcase classname="demo.Groups" name="m2" time="0.0">
    <ignored/>
  </testcase> <!-- m2 -->
</testsuite> <!-- Test -->
