<?xml version="1.0" encoding="UTF-8"?>
<testng-results ignored="0" total="1" passed="1" failed="0" skipped="0">
  <reporter-output>
  </reporter-output>
  <suite started-at="2023-09-08T16:52:33 IST" name="Suite" finished-at="2023-09-08T16:52:33 IST" duration-ms="129">
    <groups>
      <group name="regrassion">
        <method signature="Groups.m1()[pri:0, instance:demo.Groups@3590fc5b]" name="m1" class="demo.Groups"/>
      </group> <!-- regrassion -->
    </groups>
    <test started-at="2023-09-08T16:52:33 IST" name="Test" finished-at="2023-09-08T16:52:33 IST" duration-ms="129">
      <class name="demo.Groups">
        <test-method signature="m1()[pri:0, instance:demo.Groups@3590fc5b]" started-at="2023-09-08T16:52:33 IST" name="m1" finished-at="2023-09-08T16:52:33 IST" duration-ms="37" status="PASS">
          <reporter-output>
          </reporter-output>
        </test-method> <!-- m1 -->
      </class> <!-- demo.Groups -->
    </test> <!-- Test -->
  </suite> <!-- Suite -->
</testng-results>
